{"level":"info","message":"Servidor express escuchando en el puerto 8080","timestamp":"2023-06-08T11:46:37.290Z"}
{"level":"info","message":"Servidor express escuchando en el puerto 8080","timestamp":"2023-06-08T11:50:41.914Z"}
{"level":"info","message":"Servidor express escuchando en el puerto 8080","timestamp":"2023-06-08T11:50:45.986Z"}
{"level":"info","message":"Servidor express escuchando en el puerto 8080","timestamp":"2023-06-08T11:53:23.307Z"}
{"level":"info","message":"Servidor express escuchando en el puerto 8080","timestamp":"2023-06-08T11:53:26.684Z"}
{"level":"info","message":"Servidor express escuchando en el puerto 8080","timestamp":"2023-06-08T11:56:59.869Z"}
{"level":"info","message":"Servidor express escuchando en el puerto 8080","timestamp":"2023-06-08T11:57:59.925Z"}
{"level":"info","message":"Servidor express escuchando en el puerto 8080","timestamp":"2023-06-08T11:58:03.457Z"}
{"level":"info","message":"Servidor express escuchando en el puerto 8080","timestamp":"2023-06-08T11:58:49.520Z"}
{"level":"info","message":"Servidor express escuchando en el puerto 8080","timestamp":"2023-06-08T12:12:07.757Z"}
{"level":"info","message":"Servidor express escuchando en el puerto 8080","timestamp":"2023-06-08T12:12:12.366Z"}
{"level":"info","message":"Servidor express escuchando en el puerto 8080","timestamp":"2023-06-08T12:12:16.755Z"}
{"level":"info","message":"Servidor express escuchando en el puerto 8080","timestamp":"2023-06-08T12:20:19.522Z"}
{"level":"info","message":"Servidor express escuchando en el puerto 8080","timestamp":"2023-06-08T12:20:25.183Z"}
{"level":"info","message":"Servidor express escuchando en el puerto 8080","timestamp":"2023-06-08T12:21:27.425Z"}
{"level":"info","message":"Servidor express escuchando en el puerto 8080","timestamp":"2023-06-08T12:21:36.024Z"}
{"level":"info","message":"Servidor express escuchando en el puerto 8080","timestamp":"2023-06-08T12:29:30.388Z"}
{"level":"info","message":"Servidor express escuchando en el puerto 8080","timestamp":"2023-06-08T12:30:32.142Z"}
{"level":"fatal","message":"fatal Error","timestamp":"2023-06-08T12:30:35.505Z"}
{"level":"error","message":"Error","timestamp":"2023-06-08T12:30:35.506Z"}
{"level":"warning","message":"warning","timestamp":"2023-06-08T12:30:35.507Z"}
{"level":"info","message":"info","timestamp":"2023-06-08T12:30:35.507Z"}
{"level":"info","message":"Servidor express escuchando en el puerto 8080","timestamp":"2023-06-08T12:31:22.681Z"}
{"level":"info","message":"Servidor express escuchando en el puerto 8080","timestamp":"2023-06-08T12:32:12.824Z"}
{"level":"info","message":"Servidor express escuchando en el puerto 8080","timestamp":"2023-06-08T12:34:17.210Z"}
